<?xml version="1.0" encoding="UTF-8"?>
<testng-results ignored="0" total="5" passed="5" failed="0" skipped="0">
  <reporter-output>
  </reporter-output>
  <suite started-at="2022-06-22T15:25:36 BST" name="Suite1" finished-at="2022-06-22T15:25:54 BST" duration-ms="17994">
    <groups>
      <group name="cucumber">
        <method signature="AbstractTestNGCucumberTests.runScenario(io.cucumber.testng.PickleWrapper,io.cucumber.testng.FeatureWrapper)[pri:0, instance:com.example.demo.runner.CucumberRunnerTests@5a5a729f]" name="runScenario" class="io.cucumber.testng.AbstractTestNGCucumberTests"/>
      </group> <!-- cucumber -->
    </groups>
    <test started-at="2022-06-22T15:25:36 BST" name="SpringBoot Cucumber TestNG Demo" finished-at="2022-06-22T15:25:54 BST" duration-ms="17994">
      <class name="com.example.demo.runner.CucumberRunnerTests">
        <test-method is-config="true" signature="setUpClass(org.testng.ITestContext)[pri:0, instance:com.example.demo.runner.CucumberRunnerTests@5a5a729f]" started-at="2022-06-22T15:25:36 BST" name="setUpClass" finished-at="2022-06-22T15:25:37 BST" duration-ms="784" status="PASS">
          <params>
            <param index="0">
              <value>
                <![CDATA[org.testng.TestRunner@28a210fb]]>
              </value>
            </param>
          </params>
          <reporter-output>
          </reporter-output>
        </test-method> <!-- setUpClass -->
        <test-method signature="runScenario(io.cucumber.testng.PickleWrapper,io.cucumber.testng.FeatureWrapper)[pri:0, instance:com.example.demo.runner.CucumberRunnerTests@5a5a729f]" started-at="2022-06-22T15:25:37 BST" name="runScenario" description="Runs Cucumber Scenarios" data-provider="scenarios" finished-at="2022-06-22T15:25:52 BST" duration-ms="15540" status="PASS">
          <params>
            <param index="0">
              <value>
                <![CDATA["Send a valid Request to get user details"]]>
              </value>
            </param>
            <param index="1">
              <value>
                <![CDATA["Verify springboot application using Cucumber and TestNG"]]>
              </value>
            </param>
          </params>
          <reporter-output>
          </reporter-output>
        </test-method> <!-- runScenario -->
        <test-method signature="runScenario(io.cucumber.testng.PickleWrapper,io.cucumber.testng.FeatureWrapper)[pri:0, instance:com.example.demo.runner.CucumberRunnerTests@5a5a729f]" started-at="2022-06-22T15:25:52 BST" name="runScenario" description="Runs Cucumber Scenarios" data-provider="scenarios" finished-at="2022-06-22T15:25:53 BST" duration-ms="109" status="PASS">
          <params>
            <param index="0">
              <value>
                <![CDATA["Send a valid Request to get user details"]]>
              </value>
            </param>
            <param index="1">
              <value>
                <![CDATA["Verify springboot application using Cucumber and TestNG"]]>
              </value>
            </param>
          </params>
          <reporter-output>
          </reporter-output>
        </test-method> <!-- runScenario -->
        <test-method signature="runScenario(io.cucumber.testng.PickleWrapper,io.cucumber.testng.FeatureWrapper)[pri:0, instance:com.example.demo.runner.CucumberRunnerTests@5a5a729f]" started-at="2022-06-22T15:25:53 BST" name="runScenario" description="Runs Cucumber Scenarios" data-provider="scenarios" finished-at="2022-06-22T15:25:53 BST" duration-ms="104" status="PASS">
          <params>
            <param index="0">
              <value>
                <![CDATA["Send a valid Request to get user details"]]>
              </value>
            </param>
            <param index="1">
              <value>
                <![CDATA["Verify springboot application using Cucumber and TestNG"]]>
              </value>
            </param>
          </params>
          <reporter-output>
          </reporter-output>
        </test-method> <!-- runScenario -->
        <test-method signature="runScenario(io.cucumber.testng.PickleWrapper,io.cucumber.testng.FeatureWrapper)[pri:0, instance:com.example.demo.runner.CucumberRunnerTests@5a5a729f]" started-at="2022-06-22T15:25:53 BST" name="runScenario" description="Runs Cucumber Scenarios" data-provider="scenarios" finished-at="2022-06-22T15:25:53 BST" duration-ms="148" status="PASS">
          <params>
            <param index="0">
              <value>
                <![CDATA["Send a valid Request to get user details"]]>
              </value>
            </param>
            <param index="1">
              <value>
                <![CDATA["Verify springboot application using Cucumber and TestNG"]]>
              </value>
            </param>
          </params>
          <reporter-output>
          </reporter-output>
        </test-method> <!-- runScenario -->
        <test-method signature="runScenario(io.cucumber.testng.PickleWrapper,io.cucumber.testng.FeatureWrapper)[pri:0, instance:com.example.demo.runner.CucumberRunnerTests@5a5a729f]" started-at="2022-06-22T15:25:53 BST" name="runScenario" description="Runs Cucumber Scenarios" data-provider="scenarios" finished-at="2022-06-22T15:25:53 BST" duration-ms="367" status="PASS">
          <params>
            <param index="0">
              <value>
                <![CDATA["Send a valid Request to create a user"]]>
              </value>
            </param>
            <param index="1">
              <value>
                <![CDATA["Verify springboot application using Cucumber and TestNG"]]>
              </value>
            </param>
          </params>
          <reporter-output>
          </reporter-output>
        </test-method> <!-- runScenario -->
        <test-method is-config="true" signature="tearDownClass()[pri:0, instance:com.example.demo.runner.CucumberRunnerTests@5a5a729f]" started-at="2022-06-22T15:25:53 BST" name="tearDownClass" finished-at="2022-06-22T15:25:54 BST" duration-ms="888" status="PASS">
          <reporter-output>
          </reporter-output>
        </test-method> <!-- tearDownClass -->
      </class> <!-- com.example.demo.runner.CucumberRunnerTests -->
    </test> <!-- SpringBoot Cucumber TestNG Demo -->
  </suite> <!-- Suite1 -->
</testng-results>
